# JRE version: Java(TM) SE Runtime Environment (8.0_231-b11) (build 1.8.0_231-b11)
# Java VM: Java HotSpot(TM) 64-Bit Server VM (25.231-b11 mixed mode windows-amd64 compressed oops)
Heap:
 PSYoungGen      total 70656K, used 12522K [0x00000000d5d00000, 0x00000000da800000, 0x0000000100000000)
  eden space 66048K, 12% used [0x00000000d5d00000,0x00000000d64c0730,0x00000000d9d80000)
  from space 4608K, 99% used [0x00000000da280000,0x00000000da6fa338,0x00000000da700000)
  to   space 5120K, 0% used [0x00000000d9d80000,0x00000000d9d80000,0x00000000da280000)
 ParOldGen       total 87552K, used 104K [0x0000000081600000, 0x0000000086b80000, 0x00000000d5d00000)
  object space 87552K, 0% used [0x0000000081600000,0x000000008161a000,0x0000000086b80000)
 Metaspace       used 15818K, capacity 16708K, committed 16768K, reserved 1064960K
  class space    used 1959K, capacity 2149K, committed 2176K, reserved 1048576K
GC Heap History (10 events):
Event: 2.974 GC heap before
{Heap before GC invocations=2 (full 0):
 PSYoungGen      total 38400K, used 36245K [0x00000000d5d00000, 0x00000000d8780000, 0x0000000100000000)
  eden space 33280K, 100% used [0x00000000d5d00000,0x00000000d7d80000,0x00000000d7d80000)
  from space 5120K, 57% used [0x00000000d7d80000,0x00000000d8065410,0x00000000d8280000)
  to   space 5120K, 0% used [0x00000000d8280000,0x00000000d8280000,0x00000000d8780000)
 ParOldGen       total 87552K, used 8K [0x0000000081600000, 0x0000000086b80000, 0x00000000d5d00000)
  object space 87552K, 0% used [0x0000000081600000,0x0000000081602000,0x0000000086b80000)
 Metaspace       used 9627K, capacity 10014K, committed 10240K, reserved 1058816K
  class space    used 1101K, capacity 1203K, committed 1280K, reserved 1048576K
Event: 2.983 GC heap after
Heap after GC invocations=2 (full 0):
 PSYoungGen      total 38400K, used 2971K [0x00000000d5d00000, 0x00000000d8780000, 0x0000000100000000)
  eden space 33280K, 0% used [0x00000000d5d00000,0x00000000d5d00000,0x00000000d7d80000)
  from space 5120K, 58% used [0x00000000d8280000,0x00000000d8566f08,0x00000000d8780000)
  to   space 5120K, 0% used [0x00000000d7d80000,0x00000000d7d80000,0x00000000d8280000)
 ParOldGen       total 87552K, used 24K [0x0000000081600000, 0x0000000086b80000, 0x00000000d5d00000)
  object space 87552K, 0% used [0x0000000081600000,0x0000000081606000,0x0000000086b80000)
 Metaspace       used 9627K, capacity 10014K, committed 10240K, reserved 1058816K
  class space    used 1101K, capacity 1203K, committed 1280K, reserved 1048576K
}
Event: 3.920 GC heap before
{Heap before GC invocations=3 (full 0):
 PSYoungGen      total 38400K, used 36251K [0x00000000d5d00000, 0x00000000d8780000, 0x0000000100000000)
  eden space 33280K, 100% used [0x00000000d5d00000,0x00000000d7d80000,0x00000000d7d80000)
  from space 5120K, 58% used [0x00000000d8280000,0x00000000d8566f08,0x00000000d8780000)
  to   space 5120K, 0% used [0x00000000d7d80000,0x00000000d7d80000,0x00000000d8280000)
 ParOldGen       total 87552K, used 24K [0x0000000081600000, 0x0000000086b80000, 0x00000000d5d00000)
  object space 87552K, 0% used [0x0000000081600000,0x0000000081606000,0x0000000086b80000)
 Metaspace       used 11283K, capacity 12110K, committed 12288K, reserved 1060864K
  class space    used 1345K, capacity 1523K, committed 1536K, reserved 1048576K
Event: 3.927 GC heap after
Heap after GC invocations=3 (full 0):
 PSYoungGen      total 38400K, used 3490K [0x00000000d5d00000, 0x00000000d8780000, 0x0000000100000000)
  eden space 33280K, 0% used [0x00000000d5d00000,0x00000000d5d00000,0x00000000d7d80000)
  from space 5120K, 68% used [0x00000000d7d80000,0x00000000d80e89d0,0x00000000d8280000)
  to   space 5120K, 0% used [0x00000000d8280000,0x00000000d8280000,0x00000000d8780000)
 ParOldGen       total 87552K, used 32K [0x0000000081600000, 0x0000000086b80000, 0x00000000d5d00000)
  object space 87552K, 0% used [0x0000000081600000,0x0000000081608000,0x0000000086b80000)
 Metaspace       used 11283K, capacity 12110K, committed 12288K, reserved 1060864K
  class space    used 1345K, capacity 1523K, committed 1536K, reserved 1048576K
}
Event: 4.415 GC heap before
{Heap before GC invocations=4 (full 0):
 PSYoungGen      total 38400K, used 36770K [0x00000000d5d00000, 0x00000000d8780000, 0x0000000100000000)
  eden space 33280K, 100% used [0x00000000d5d00000,0x00000000d7d80000,0x00000000d7d80000)
  from space 5120K, 68% used [0x00000000d7d80000,0x00000000d80e89d0,0x00000000d8280000)
  to   space 5120K, 0% used [0x00000000d8280000,0x00000000d8280000,0x00000000d8780000)
 ParOldGen       total 87552K, used 32K [0x0000000081600000, 0x0000000086b80000, 0x00000000d5d00000)
  object space 87552K, 0% used [0x0000000081600000,0x0000000081608000,0x0000000086b80000)
 Metaspace       used 12940K, capacity 13772K, committed 14080K, reserved 1060864K
  class space    used 1506K, capacity 1688K, committed 1792K, reserved 1048576K
Event: 4.424 GC heap after
Heap after GC invocations=4 (full 0):
 PSYoungGen      total 38400K, used 3927K [0x00000000d5d00000, 0x00000000d8780000, 0x0000000100000000)
  eden space 33280K, 0% used [0x00000000d5d00000,0x00000000d5d00000,0x00000000d7d80000)
  from space 5120K, 76% used [0x00000000d8280000,0x00000000d8655ff8,0x00000000d8780000)
  to   space 5120K, 0% used [0x00000000d7d80000,0x00000000d7d80000,0x00000000d8280000)
 ParOldGen       total 87552K, used 40K [0x0000000081600000, 0x0000000086b80000, 0x00000000d5d00000)
  object space 87552K, 0% used [0x0000000081600000,0x000000008160a000,0x0000000086b80000)
 Metaspace       used 12940K, capacity 13772K, committed 14080K, reserved 1060864K
  class space    used 1506K, capacity 1688K, committed 1792K, reserved 1048576K
}
Event: 5.038 GC heap before
{Heap before GC invocations=5 (full 0):
 PSYoungGen      total 38400K, used 37207K [0x00000000d5d00000, 0x00000000d8780000, 0x0000000100000000)
  eden space 33280K, 100% used [0x00000000d5d00000,0x00000000d7d80000,0x00000000d7d80000)
  from space 5120K, 76% used [0x00000000d8280000,0x00000000d8655ff8,0x00000000d8780000)
  to   space 5120K, 0% used [0x00000000d7d80000,0x00000000d7d80000,0x00000000d8280000)
 ParOldGen       total 87552K, used 40K [0x0000000081600000, 0x0000000086b80000, 0x00000000d5d00000)
  object space 87552K, 0% used [0x0000000081600000,0x000000008160a000,0x0000000086b80000)
 Metaspace       used 14186K, capacity 15014K, committed 15232K, reserved 1062912K
  class space    used 1696K, capacity 1885K, committed 1920K, reserved 1048576K
Event: 5.054 GC heap after
Heap after GC invocations=5 (full 0):
 PSYoungGen      total 38400K, used 4326K [0x00000000d5d00000, 0x00000000da700000, 0x0000000100000000)
  eden space 33280K, 0% used [0x00000000d5d00000,0x00000000d5d00000,0x00000000d7d80000)
  from space 5120K, 84% used [0x00000000d7d80000,0x00000000d81b98c8,0x00000000d8280000)
  to   space 4608K, 0% used [0x00000000da280000,0x00000000da280000,0x00000000da700000)
 ParOldGen       total 87552K, used 48K [0x0000000081600000, 0x0000000086b80000, 0x00000000d5d00000)
  object space 87552K, 0% used [0x0000000081600000,0x000000008160c000,0x0000000086b80000)
 Metaspace       used 14186K, capacity 15014K, committed 15232K, reserved 1062912K
  class space    used 1696K, capacity 1885K, committed 1920K, reserved 1048576K
}
Event: 5.850 GC heap before
{Heap before GC invocations=6 (full 0):
 PSYoungGen      total 38400K, used 37606K [0x00000000d5d00000, 0x00000000da700000, 0x0000000100000000)
  eden space 33280K, 100% used [0x00000000d5d00000,0x00000000d7d80000,0x00000000d7d80000)
  from space 5120K, 84% used [0x00000000d7d80000,0x00000000d81b98c8,0x00000000d8280000)
  to   space 4608K, 0% used [0x00000000da280000,0x00000000da280000,0x00000000da700000)
 ParOldGen       total 87552K, used 48K [0x0000000081600000, 0x0000000086b80000, 0x00000000d5d00000)
  object space 87552K, 0% used [0x0000000081600000,0x000000008160c000,0x0000000086b80000)
 Metaspace       used 15564K, capacity 16484K, committed 16768K, reserved 1064960K
  class space    used 1920K, capacity 2117K, committed 2176K, reserved 1048576K
Event: 5.862 GC heap after
Heap after GC invocations=6 (full 0):
 PSYoungGen      total 70656K, used 4584K [0x00000000d5d00000, 0x00000000da800000, 0x0000000100000000)
  eden space 66048K, 0% used [0x00000000d5d00000,0x00000000d5d00000,0x00000000d9d80000)
  from space 4608K, 99% used [0x00000000da280000,0x00000000da6fa338,0x00000000da700000)
  to   space 5120K, 0% used [0x00000000d9d80000,0x00000000d9d80000,0x00000000da280000)
 ParOldGen       total 87552K, used 104K [0x0000000081600000, 0x0000000086b80000, 0x00000000d5d00000)
  object space 87552K, 0% used [0x0000000081600000,0x000000008161a000,0x0000000086b80000)
 Metaspace       used 15564K, capacity 16484K, committed 16768K, reserved 1064960K
  class space    used 1920K, capacity 2117K, committed 2176K, reserved 1048576K
}

